Using pre-set license

 COMMAND LINE ARGUMENTS:
/Applications/Unity/Hub/Editor/2020.3.11f1/Unity.app/Contents/MacOS/Unity
-adb2
-batchMode
-noUpm
-name
AssetImportWorker0
-projectPath
/Users/jarrodfeaks/Documents/GitHub/ASP
-logFile
Logs/AssetImportWorker0.log
-srvPort
51371
Successfully changed project path to: /Users/jarrodfeaks/Documents/GitHub/ASP
/Users/jarrodfeaks/Documents/GitHub/ASP
Using Asset Import Pipeline V2.
Refreshing native plugins compatible for Editor in 41.54 ms, found 3 plugins.
Preloading 0 native plugins for Editor in 0.00 ms.
Initialize engine version: 2020.3.11f1 (99c7afb366b3)
[Subsystems] Discovering subsystems at path /Applications/Unity/Hub/Editor/2020.3.11f1/Unity.app/Contents/Resources/UnitySubsystems
[Subsystems] Discovering subsystems at path /Users/jarrodfeaks/Documents/GitHub/ASP/Assets
GfxDevice: creating device client; threaded=0
2021-06-06 17:10:45.004 Unity[3937:113381] Color LCD preferred device: Intel(R) Iris(TM) Plus Graphics (low power)
2021-06-06 17:10:45.005 Unity[3937:113381] Metal devices available: 1
2021-06-06 17:10:45.005 Unity[3937:113381] 0: Intel(R) Iris(TM) Plus Graphics (low power)
2021-06-06 17:10:45.005 Unity[3937:113381] Using device Intel(R) Iris(TM) Plus Graphics (low power)
Initializing Metal device caps: Intel(R) Iris(TM) Plus Graphics
Initialize mono
Mono path[0] = '/Applications/Unity/Hub/Editor/2020.3.11f1/Unity.app/Contents/Managed'
Mono path[1] = '/Applications/Unity/Hub/Editor/2020.3.11f1/Unity.app/Contents/MonoBleedingEdge/lib/mono/unityjit'
Mono config path = '/Applications/Unity/Hub/Editor/2020.3.11f1/Unity.app/Contents/MonoBleedingEdge/etc'
Using monoOptions --debugger-agent=transport=dt_socket,embedding=1,server=y,suspend=n,address=127.0.0.1:56937
Begin MonoManager ReloadAssembly
Registering precompiled unity dll's ...
Register platform support module: /Applications/Unity/Hub/Editor/2020.3.11f1/Unity.app/Contents/PlaybackEngines/MacStandaloneSupport/UnityEditor.OSXStandalone.Extensions.dll
Register platform support module: /Applications/Unity/Hub/Editor/2020.3.11f1/PlaybackEngines/WindowsStandaloneSupport/UnityEditor.WindowsStandalone.Extensions.dll
Registered in 0.000679 seconds.
Native extension for WindowsStandalone target not found
Native extension for OSXStandalone target not found
Refreshing native plugins compatible for Editor in 41.82 ms, found 3 plugins.
Preloading 0 native plugins for Editor in 0.00 ms.
Mono: successfully reloaded assembly
- Completed reload, in  2.288 seconds
Platform modules already initialized, skipping
Registering precompiled user dll's ...
Registered in 0.001651 seconds.
Begin MonoManager ReloadAssembly
Native extension for WindowsStandalone target not found
Native extension for OSXStandalone target not found
Refreshing native plugins compatible for Editor in 43.30 ms, found 3 plugins.
Preloading 0 native plugins for Editor in 0.00 ms.
Mono: successfully reloaded assembly
- Completed reload, in  1.330 seconds
Platform modules already initialized, skipping
========================================================================
Worker process is ready to serve import requests
Launching external process: /Applications/Unity/Hub/Editor/2020.3.11f1/Unity.app/Contents/Tools/UnityShaderCompiler
Launched and connected shader compiler UnityShaderCompiler after 0.06 seconds
Refreshing native plugins compatible for Editor in 0.53 ms, found 3 plugins.
Preloading 0 native plugins for Editor in 0.00 ms.
Unloading 2080 Unused Serialized files (Serialized files now loaded: 0)
System memory in use before: 169.3 MB.
System memory in use after: 169.4 MB.

Unloading 28 unused Assets to reduce memory usage. Loaded Objects now: 2518.
Total: 2.168616 ms (FindLiveObjects: 0.174635 ms CreateObjectMapping: 0.055761 ms MarkObjects: 1.869948 ms  DeleteObjects: 0.067256 ms)

========================================================================
Received Import Request.
  path: Assets/Jarrod's stuff
  artifactKey: Guid(e150c82577a1547e59dccb83095ddfe4) Importer(815301076,1909f56bfc062723c751e8b465ee728b)
Start importing Assets/Jarrod's stuff using Guid(e150c82577a1547e59dccb83095ddfe4) Importer(815301076,1909f56bfc062723c751e8b465ee728b)  -> (artifact id: '416e4af59235311294558d4c95c8557a') in 0.005108 seconds
  Import took 0.008392 seconds .

========================================================================
Received Import Request.
  Time since last request: 7.161384 seconds.
  path: Assets/Jarrod's stuff/Scenes
  artifactKey: Guid(e03369d483a6849d384486f469f46149) Importer(815301076,1909f56bfc062723c751e8b465ee728b)
Start importing Assets/Jarrod's stuff/Scenes using Guid(e03369d483a6849d384486f469f46149) Importer(815301076,1909f56bfc062723c751e8b465ee728b)  -> (artifact id: 'b14610633b3c91799a528c96a2adee97') in 0.001475 seconds
  Import took 0.005476 seconds .

