Using pre-set license
Built from '2020.3/staging' branch; Version is '2020.3.11f1 (99c7afb366b3) revision 10078127'; Using compiler version '192528614'; Build Type 'Release'
OS: 'Windows 10 Pro; OS build 19042.985; Version 2009; 64bit' Language: 'en' Physical Memory: 16107 MB
BatchMode: 1, IsHumanControllingUs: 0, StartBugReporterOnCrash: 0, Is64bit: 1, IsPro: 0

 COMMAND LINE ARGUMENTS:
C:\Program Files\Unity\Hub\Editor\2020.3.11f1\Editor\Unity.exe
-adb2
-batchMode
-noUpm
-name
AssetImportWorker0
-projectPath
C:/Users/kiyos/OneDrive/Documents/GitHub/ASP
-logFile
Logs/AssetImportWorker0.log
-srvPort
49883
Successfully changed project path to: C:/Users/kiyos/OneDrive/Documents/GitHub/ASP
C:/Users/kiyos/OneDrive/Documents/GitHub/ASP
Using Asset Import Pipeline V2.
Refreshing native plugins compatible for Editor in 66.52 ms, found 3 plugins.
Preloading 0 native plugins for Editor in 0.00 ms.
Initialize engine version: 2020.3.11f1 (99c7afb366b3)
[Subsystems] Discovering subsystems at path C:/Program Files/Unity/Hub/Editor/2020.3.11f1/Editor/Data/Resources/UnitySubsystems
[Subsystems] Discovering subsystems at path C:/Users/kiyos/OneDrive/Documents/GitHub/ASP/Assets
GfxDevice: creating device client; threaded=0
Direct3D:
    Version:  Direct3D 11.0 [level 11.1]
    Renderer: Intel(R) Iris(R) Xe Graphics (ID=0x9a49)
    Vendor:   
    VRAM:     8053 MB
    Driver:   27.20.100.9168
Initialize mono
Mono path[0] = 'C:/Program Files/Unity/Hub/Editor/2020.3.11f1/Editor/Data/Managed'
Mono path[1] = 'C:/Program Files/Unity/Hub/Editor/2020.3.11f1/Editor/Data/MonoBleedingEdge/lib/mono/unityjit'
Mono config path = 'C:/Program Files/Unity/Hub/Editor/2020.3.11f1/Editor/Data/MonoBleedingEdge/etc'
Using monoOptions --debugger-agent=transport=dt_socket,embedding=1,server=y,suspend=n,address=127.0.0.1:56472
Begin MonoManager ReloadAssembly
Registering precompiled unity dll's ...
Register platform support module: C:/Program Files/Unity/Hub/Editor/2020.3.11f1/Editor/Data/PlaybackEngines/MacStandaloneSupport/UnityEditor.OSXStandalone.Extensions.dll
Register platform support module: C:/Program Files/Unity/Hub/Editor/2020.3.11f1/Editor/Data/PlaybackEngines/WindowsStandaloneSupport/UnityEditor.WindowsStandalone.Extensions.dll
Registered in 0.001885 seconds.
Native extension for WindowsStandalone target not found
Native extension for OSXStandalone target not found
Refreshing native plugins compatible for Editor in 70.35 ms, found 3 plugins.
Preloading 0 native plugins for Editor in 0.00 ms.
Mono: successfully reloaded assembly
- Completed reload, in  1.409 seconds
Platform modules already initialized, skipping
Registering precompiled user dll's ...
Registered in 0.004977 seconds.
Begin MonoManager ReloadAssembly
Native extension for WindowsStandalone target not found
Native extension for OSXStandalone target not found
Refreshing native plugins compatible for Editor in 41.69 ms, found 3 plugins.
Preloading 0 native plugins for Editor in 0.00 ms.
Mono: successfully reloaded assembly
- Completed reload, in  1.395 seconds
Platform modules already initialized, skipping
========================================================================
Worker process is ready to serve import requests
Launched and connected shader compiler UnityShaderCompiler.exe after 0.04 seconds
Refreshing native plugins compatible for Editor in 0.38 ms, found 3 plugins.
Preloading 0 native plugins for Editor in 0.00 ms.
Unloading 2080 Unused Serialized files (Serialized files now loaded: 0)
System memory in use before: 92.8 MB.
System memory in use after: 92.7 MB.

Unloading 33 unused Assets to reduce memory usage. Loaded Objects now: 2513.
Total: 1.831600 ms (FindLiveObjects: 0.126100 ms CreateObjectMapping: 0.033300 ms MarkObjects: 1.531500 ms  DeleteObjects: 0.139500 ms)

========================================================================
Received Import Request.
  path: Assets
  artifactKey: Guid(00000000000000001000000000000000) Importer(815301076,1909f56bfc062723c751e8b465ee728b)
Start importing Assets using Guid(00000000000000001000000000000000) Importer(815301076,1909f56bfc062723c751e8b465ee728b)  -> (artifact id: '42d402b061de3733987d63b9cc3b64de') in 0.012419 seconds
  Import took 0.017685 seconds .

========================================================================
Received Import Request.
  Time since last request: 4.943635 seconds.
  path: Assets/Martin's Systems
  artifactKey: Guid(9454b173e535f5f43a0a94c99ea239a6) Importer(815301076,1909f56bfc062723c751e8b465ee728b)
Start importing Assets/Martin's Systems using Guid(9454b173e535f5f43a0a94c99ea239a6) Importer(815301076,1909f56bfc062723c751e8b465ee728b)  -> (artifact id: '4b245695489f7d9c1900f2d4a09351cf') in 0.008603 seconds
  Import took 0.012224 seconds .

========================================================================
Received Import Request.
  Time since last request: 6.843294 seconds.
  path: Assets/Martin's Systems/Scene
  artifactKey: Guid(afc36a8f03b24c345a53e6d0edec0137) Importer(815301076,1909f56bfc062723c751e8b465ee728b)
Start importing Assets/Martin's Systems/Scene using Guid(afc36a8f03b24c345a53e6d0edec0137) Importer(815301076,1909f56bfc062723c751e8b465ee728b)  -> (artifact id: '5deee4d36af53e7fbd5061becbead2d2') in 0.008086 seconds
  Import took 0.012812 seconds .

========================================================================
Received Import Request.
  Time since last request: 4.139692 seconds.
  path: Assets/Martin's Systems/Scenes
  artifactKey: Guid(afc36a8f03b24c345a53e6d0edec0137) Importer(815301076,1909f56bfc062723c751e8b465ee728b)
Start importing Assets/Martin's Systems/Scenes using Guid(afc36a8f03b24c345a53e6d0edec0137) Importer(815301076,1909f56bfc062723c751e8b465ee728b)  -> (artifact id: 'eac23d01d6c5c780123fd097bfb72ac7') in 0.010023 seconds
  Import took 0.013258 seconds .

========================================================================
Received Import Request.
  Time since last request: 10.928209 seconds.
  path: Assets/Martin's Systems/Scenes/Testing area.unity
  artifactKey: Guid(60894b983e801c04fb4e7c934b7db896) Importer(815301076,1909f56bfc062723c751e8b465ee728b)
Start importing Assets/Martin's Systems/Scenes/Testing area.unity using Guid(60894b983e801c04fb4e7c934b7db896) Importer(815301076,1909f56bfc062723c751e8b465ee728b)  -> (artifact id: '8b22338f5300afafe77db2e471f942a7') in 0.012841 seconds
  Import took 0.016868 seconds .

========================================================================
Received Import Request.
  Time since last request: 331.935754 seconds.
  path: Assets/Martin's Systems/Test.cs
  artifactKey: Guid(1fa19082d3b47a04aaaff975b1ba6f47) Importer(815301076,1909f56bfc062723c751e8b465ee728b)
Start importing Assets/Martin's Systems/Test.cs using Guid(1fa19082d3b47a04aaaff975b1ba6f47) Importer(815301076,1909f56bfc062723c751e8b465ee728b)  -> (artifact id: '0a022fd6bb61dd1c597596e0b23191fd') in 0.076200 seconds
  Import took 0.080040 seconds .

========================================================================
Received Prepare
Registering precompiled user dll's ...
Registered in 0.003479 seconds.
Begin MonoManager ReloadAssembly
Native extension for WindowsStandalone target not found
Native extension for OSXStandalone target not found
Refreshing native plugins compatible for Editor in 0.45 ms, found 3 plugins.
Preloading 0 native plugins for Editor in 0.00 ms.
Mono: successfully reloaded assembly
- Completed reload, in  1.392 seconds
Platform modules already initialized, skipping
Refreshing native plugins compatible for Editor in 0.54 ms, found 3 plugins.
Preloading 0 native plugins for Editor in 0.00 ms.
Unloading 2076 Unused Serialized files (Serialized files now loaded: 0)
System memory in use before: 92.8 MB.
System memory in use after: 92.7 MB.

Unloading 21 unused Assets to reduce memory usage. Loaded Objects now: 2518.
Total: 2.238300 ms (FindLiveObjects: 0.132100 ms CreateObjectMapping: 0.041600 ms MarkObjects: 1.886500 ms  DeleteObjects: 0.176800 ms)

